# JRE version: OpenJDK Runtime Environment (8.0_242-b01) (build 1.8.0_242-release-1644-b01)
# Java VM: OpenJDK 64-Bit Server VM (25.242-b01 mixed mode windows-amd64 compressed oops)
Heap:
 PSYoungGen      total 292352K, used 124487K [0x00000000d5580000, 0x00000000edd80000, 0x0000000100000000)
  eden space 275456K, 39% used [0x00000000d5580000,0x00000000dbe9e468,0x00000000e6280000)
  from space 16896K, 99% used [0x00000000e6980000,0x00000000e79f3890,0x00000000e7a00000)
  to   space 62976K, 0% used [0x00000000ea000000,0x00000000ea000000,0x00000000edd80000)
 ParOldGen       total 346624K, used 63641K [0x0000000080000000, 0x0000000095280000, 0x00000000d5580000)
  object space 346624K, 18% used [0x0000000080000000,0x0000000083e26650,0x0000000095280000)
 Metaspace       used 95194K, capacity 100420K, committed 102424K, reserved 1138688K
  class space    used 12381K, capacity 13301K, committed 13864K, reserved 1048576K
GC Heap History (10 events):
Event: 1362.996 GC heap before
{Heap before GC invocations=21 (full 4):
 PSYoungGen      total 363520K, used 360463K [0x00000000d5580000, 0x00000000f0500000, 0x0000000100000000)
  eden space 306176K, 100% used [0x00000000d5580000,0x00000000e8080000,0x00000000e8080000)
  from space 57344K, 94% used [0x00000000ec080000,0x00000000ef583ce8,0x00000000ef880000)
  to   space 65536K, 0% used [0x00000000e8080000,0x00000000e8080000,0x00000000ec080000)
 ParOldGen       total 346624K, used 63609K [0x0000000080000000, 0x0000000095280000, 0x00000000d5580000)
  object space 346624K, 18% used [0x0000000080000000,0x0000000083e1e650,0x0000000095280000)
 Metaspace       used 93182K, capacity 97628K, committed 100888K, reserved 1136640K
  class space    used 12252K, capacity 13081K, committed 13864K, reserved 1048576K
Event: 1363.004 GC heap after
Heap after GC invocations=21 (full 4):
 PSYoungGen      total 371712K, used 9391K [0x00000000d5580000, 0x00000000f1f00000, 0x0000000100000000)
  eden space 306176K, 0% used [0x00000000d5580000,0x00000000d5580000,0x00000000e8080000)
  from space 65536K, 14% used [0x00000000e8080000,0x00000000e89abc90,0x00000000ec080000)
  to   space 64512K, 0% used [0x00000000ee000000,0x00000000ee000000,0x00000000f1f00000)
 ParOldGen       total 346624K, used 63617K [0x0000000080000000, 0x0000000095280000, 0x00000000d5580000)
  object space 346624K, 18% used [0x0000000080000000,0x0000000083e20650,0x0000000095280000)
 Metaspace       used 93182K, capacity 97628K, committed 100888K, reserved 1136640K
  class space    used 12252K, capacity 13081K, committed 13864K, reserved 1048576K
}
Event: 1456.538 GC heap before
{Heap before GC invocations=22 (full 4):
 PSYoungGen      total 371712K, used 315567K [0x00000000d5580000, 0x00000000f1f00000, 0x0000000100000000)
  eden space 306176K, 100% used [0x00000000d5580000,0x00000000e8080000,0x00000000e8080000)
  from space 65536K, 14% used [0x00000000e8080000,0x00000000e89abc90,0x00000000ec080000)
  to   space 64512K, 0% used [0x00000000ee000000,0x00000000ee000000,0x00000000f1f00000)
 ParOldGen       total 346624K, used 63617K [0x0000000080000000, 0x0000000095280000, 0x00000000d5580000)
  object space 346624K, 18% used [0x0000000080000000,0x0000000083e20650,0x0000000095280000)
 Metaspace       used 94302K, capacity 99110K, committed 101656K, reserved 1136640K
  class space    used 12331K, capacity 13210K, committed 13864K, reserved 1048576K
Event: 1456.545 GC heap after
Heap after GC invocations=22 (full 4):
 PSYoungGen      total 318976K, used 8192K [0x00000000d5580000, 0x00000000ef480000, 0x0000000100000000)
  eden space 297984K, 0% used [0x00000000d5580000,0x00000000d5580000,0x00000000e7880000)
  from space 20992K, 39% used [0x00000000ee000000,0x00000000ee800040,0x00000000ef480000)
  to   space 63488K, 0% used [0x00000000e7880000,0x00000000e7880000,0x00000000eb680000)
 ParOldGen       total 346624K, used 63625K [0x0000000080000000, 0x0000000095280000, 0x00000000d5580000)
  object space 346624K, 18% used [0x0000000080000000,0x0000000083e22650,0x0000000095280000)
 Metaspace       used 94302K, capacity 99110K, committed 101656K, reserved 1136640K
  class space    used 12331K, capacity 13210K, committed 13864K, reserved 1048576K
}
Event: 1457.823 GC heap before
{Heap before GC invocations=23 (full 4):
 PSYoungGen      total 318976K, used 306161K [0x00000000d5580000, 0x00000000ef480000, 0x0000000100000000)
  eden space 297984K, 99% used [0x00000000d5580000,0x00000000e787c630,0x00000000e7880000)
  from space 20992K, 39% used [0x00000000ee000000,0x00000000ee800040,0x00000000ef480000)
  to   space 63488K, 0% used [0x00000000e7880000,0x00000000e7880000,0x00000000eb680000)
 ParOldGen       total 346624K, used 63625K [0x0000000080000000, 0x0000000095280000, 0x00000000d5580000)
  object space 346624K, 18% used [0x0000000080000000,0x0000000083e22650,0x0000000095280000)
 Metaspace       used 94398K, capacity 99268K, committed 101912K, reserved 1136640K
  class space    used 12337K, capacity 13221K, committed 13864K, reserved 1048576K
Event: 1457.831 GC heap after
Heap after GC invocations=23 (full 4):
 PSYoungGen      total 303104K, used 12400K [0x00000000d5580000, 0x00000000ee900000, 0x0000000100000000)
  eden space 290304K, 0% used [0x00000000d5580000,0x00000000d5580000,0x00000000e7100000)
  from space 12800K, 96% used [0x00000000e7880000,0x00000000e849c090,0x00000000e8500000)
  to   space 61440K, 0% used [0x00000000ead00000,0x00000000ead00000,0x00000000ee900000)
 ParOldGen       total 346624K, used 63633K [0x0000000080000000, 0x0000000095280000, 0x00000000d5580000)
  object space 346624K, 18% used [0x0000000080000000,0x0000000083e24650,0x0000000095280000)
 Metaspace       used 94398K, capacity 99268K, committed 101912K, reserved 1136640K
  class space    used 12337K, capacity 13221K, committed 13864K, reserved 1048576K
}
Event: 1495.231 GC heap before
{Heap before GC invocations=24 (full 4):
 PSYoungGen      total 303104K, used 302704K [0x00000000d5580000, 0x00000000ee900000, 0x0000000100000000)
  eden space 290304K, 100% used [0x00000000d5580000,0x00000000e7100000,0x00000000e7100000)
  from space 12800K, 96% used [0x00000000e7880000,0x00000000e849c090,0x00000000e8500000)
  to   space 61440K, 0% used [0x00000000ead00000,0x00000000ead00000,0x00000000ee900000)
 ParOldGen       total 346624K, used 63633K [0x0000000080000000, 0x0000000095280000, 0x00000000d5580000)
  object space 346624K, 18% used [0x0000000080000000,0x0000000083e24650,0x0000000095280000)
 Metaspace       used 94918K, capacity 100048K, committed 102168K, reserved 1138688K
  class space    used 12371K, capacity 13283K, committed 13864K, reserved 1048576K
Event: 1495.248 GC heap after
Heap after GC invocations=24 (full 4):
 PSYoungGen      total 344064K, used 44986K [0x00000000d5580000, 0x00000000eea80000, 0x0000000100000000)
  eden space 282624K, 0% used [0x00000000d5580000,0x00000000d5580000,0x00000000e6980000)
  from space 61440K, 73% used [0x00000000ead00000,0x00000000ed8eeb00,0x00000000ee900000)
  to   space 66048K, 0% used [0x00000000e6980000,0x00000000e6980000,0x00000000eaa00000)
 ParOldGen       total 346624K, used 63641K [0x0000000080000000, 0x0000000095280000, 0x00000000d5580000)
  object space 346624K, 18% used [0x0000000080000000,0x0000000083e26650,0x0000000095280000)
 Metaspace       used 94918K, capacity 100048K, committed 102168K, reserved 1138688K
  class space    used 12371K, capacity 13283K, committed 13864K, reserved 1048576K
}
Event: 1496.369 GC heap before
{Heap before GC invocations=25 (full 4):
 PSYoungGen      total 344064K, used 327610K [0x00000000d5580000, 0x00000000eea80000, 0x0000000100000000)
  eden space 282624K, 100% used [0x00000000d5580000,0x00000000e6980000,0x00000000e6980000)
  from space 61440K, 73% used [0x00000000ead00000,0x00000000ed8eeb00,0x00000000ee900000)
  to   space 66048K, 0% used [0x00000000e6980000,0x00000000e6980000,0x00000000eaa00000)
 ParOldGen       total 346624K, used 63641K [0x0000000080000000, 0x0000000095280000, 0x00000000d5580000)
  object space 346624K, 18% used [0x0000000080000000,0x0000000083e26650,0x0000000095280000)
 Metaspace       used 95016K, capacity 100206K, committed 102168K, reserved 1138688K
  class space    used 12379K, capacity 13298K, committed 13864K, reserved 1048576K
Event: 1496.381 GC heap after
Heap after GC invocations=25 (full 4):
 PSYoungGen      total 292352K, used 16846K [0x00000000d5580000, 0x00000000edd80000, 0x0000000100000000)
  eden space 275456K, 0% used [0x00000000d5580000,0x00000000d5580000,0x00000000e6280000)
  from space 16896K, 99% used [0x00000000e6980000,0x00000000e79f3890,0x00000000e7a00000)
  to   space 62976K, 0% used [0x00000000ea000000,0x00000000ea000000,0x00000000edd80000)
 ParOldGen       total 346624K, used 63641K [0x0000000080000000, 0x0000000095280000, 0x00000000d5580000)
  object space 346624K, 18% used [0x0000000080000000,0x0000000083e26650,0x0000000095280000)
 Metaspace       used 95016K, capacity 100206K, committed 102168K, reserved 1138688K
  class space    used 12379K, capacity 13298K, committed 13864K, reserved 1048576K
}

